[2025-11-18 16:53:00,014][open3d._ml3d.torch.pipelines.semantic_segmentation][INFO] - DEVICE : cpu
[2025-11-18 16:53:00,014][open3d._ml3d.torch.pipelines.semantic_segmentation][INFO] - Logging in file : ./logs/RandLANetFlat_SemanticKITTIFlat_torch/log_train_2025-11-18_16-53-00.txt
[2025-11-18 16:53:00,020][open3d._ml3d.datasets.semantickitti][INFO] - Found 30 pointclouds for train
[2025-11-18 16:53:01,814][open3d._ml3d.datasets.semantickitti][INFO] - Found 5 pointclouds for validation
[2025-11-18 16:53:03,488][open3d._ml3d.torch.pipelines.semantic_segmentation][INFO] - ckpt_path not given. Restore from the latest ckpt
[2025-11-18 16:53:03,488][open3d._ml3d.torch.pipelines.semantic_segmentation][INFO] - Loading checkpoint ./logs/RandLANetFlat_SemanticKITTIFlat_torch/checkpoint/ckpt_00010.pth
[2025-11-18 16:53:03,529][open3d._ml3d.torch.pipelines.semantic_segmentation][INFO] - Loading checkpoint optimizer_state_dict
[2025-11-18 16:53:03,531][open3d._ml3d.torch.pipelines.semantic_segmentation][INFO] - Loading checkpoint scheduler_state_dict
[2025-11-18 16:53:03,534][open3d._ml3d.torch.pipelines.semantic_segmentation][INFO] - Writing summary in ./logs/train_logs/00004_RandLANetFlat_SemanticKITTIFlat_torch.
[2025-11-18 16:53:03,534][open3d._ml3d.torch.pipelines.semantic_segmentation][INFO] - Started training
[2025-11-18 16:53:03,534][open3d._ml3d.torch.pipelines.semantic_segmentation][INFO] - === EPOCH 0/100 ===
[2025-11-18 17:11:59,237][open3d._ml3d.torch.pipelines.semantic_segmentation][INFO] - DEVICE : cpu
[2025-11-18 17:11:59,237][open3d._ml3d.torch.pipelines.semantic_segmentation][INFO] - Logging in file : ./logs/RandLANetFlat_SemanticKITTIFlat_torch/log_train_2025-11-18_17-11-59.txt
[2025-11-18 17:11:59,241][open3d._ml3d.datasets.semantickitti][INFO] - Found 5 pointclouds for train
[2025-11-18 17:11:59,242][open3d._ml3d.datasets.semantickitti][INFO] - Found 5 pointclouds for validation
[2025-11-18 17:12:00,882][open3d._ml3d.torch.pipelines.semantic_segmentation][INFO] - ckpt_path not given. Restore from the latest ckpt
[2025-11-18 17:12:00,882][open3d._ml3d.torch.pipelines.semantic_segmentation][INFO] - Loading checkpoint ./logs/RandLANetFlat_SemanticKITTIFlat_torch/checkpoint/ckpt_00010.pth
[2025-11-18 17:12:00,921][open3d._ml3d.torch.pipelines.semantic_segmentation][INFO] - Loading checkpoint optimizer_state_dict
[2025-11-18 17:12:00,924][open3d._ml3d.torch.pipelines.semantic_segmentation][INFO] - Loading checkpoint scheduler_state_dict
[2025-11-18 17:12:00,927][open3d._ml3d.torch.pipelines.semantic_segmentation][INFO] - Writing summary in ./logs/train_logs/00005_RandLANetFlat_SemanticKITTIFlat_torch.
[2025-11-18 17:12:00,927][open3d._ml3d.torch.pipelines.semantic_segmentation][INFO] - Started training
[2025-11-18 17:12:00,927][open3d._ml3d.torch.pipelines.semantic_segmentation][INFO] - === EPOCH 0/10 ===
[2025-11-18 17:15:01,423][open3d._ml3d.torch.pipelines.semantic_segmentation][INFO] - DEVICE : cpu
[2025-11-18 17:15:01,423][open3d._ml3d.torch.pipelines.semantic_segmentation][INFO] - Logging in file : ./logs/RandLANetFlat_SemanticKITTIFlat_torch/log_train_2025-11-18_17-15-01.txt
[2025-11-18 17:15:01,425][open3d._ml3d.datasets.semantickitti][INFO] - Found 5 pointclouds for train
[2025-11-18 17:15:01,426][open3d._ml3d.datasets.semantickitti][INFO] - Found 5 pointclouds for validation
[2025-11-18 17:15:03,058][open3d._ml3d.torch.pipelines.semantic_segmentation][INFO] - ckpt_path not given. Restore from the latest ckpt
[2025-11-18 17:15:03,058][open3d._ml3d.torch.pipelines.semantic_segmentation][INFO] - Loading checkpoint ./logs/RandLANetFlat_SemanticKITTIFlat_torch/checkpoint/ckpt_00010.pth
[2025-11-18 17:15:03,096][open3d._ml3d.torch.pipelines.semantic_segmentation][INFO] - Loading checkpoint optimizer_state_dict
[2025-11-18 17:15:03,099][open3d._ml3d.torch.pipelines.semantic_segmentation][INFO] - Loading checkpoint scheduler_state_dict
[2025-11-18 17:15:03,102][open3d._ml3d.torch.pipelines.semantic_segmentation][INFO] - Writing summary in ./logs/train_logs/00006_RandLANetFlat_SemanticKITTIFlat_torch.
[2025-11-18 17:15:03,102][open3d._ml3d.torch.pipelines.semantic_segmentation][INFO] - Started training
[2025-11-18 17:15:03,102][open3d._ml3d.torch.pipelines.semantic_segmentation][INFO] - === EPOCH 0/10 ===
[2025-11-18 17:15:13,736][open3d._ml3d.torch.pipelines.semantic_segmentation][INFO] - Loss train: 1.627  eval: 2.681
[2025-11-18 17:15:13,741][open3d._ml3d.torch.pipelines.semantic_segmentation][INFO] - Mean acc train: 0.301  eval: 0.078
[2025-11-18 17:15:13,741][open3d._ml3d.torch.pipelines.semantic_segmentation][INFO] - Mean IoU train: 0.099  eval: 0.024
[2025-11-18 17:15:13,904][open3d._ml3d.torch.pipelines.semantic_segmentation][INFO] - Epoch   0: save ckpt to ./logs/RandLANetFlat_SemanticKITTIFlat_torch/checkpoint
[2025-11-18 17:15:13,904][open3d._ml3d.torch.pipelines.semantic_segmentation][INFO] - === EPOCH 1/10 ===
[2025-11-18 17:15:23,733][open3d._ml3d.torch.pipelines.semantic_segmentation][INFO] - Loss train: 1.601  eval: 2.673
[2025-11-18 17:15:23,738][open3d._ml3d.torch.pipelines.semantic_segmentation][INFO] - Mean acc train: 0.327  eval: 0.068
[2025-11-18 17:15:23,738][open3d._ml3d.torch.pipelines.semantic_segmentation][INFO] - Mean IoU train: 0.122  eval: 0.020
[2025-11-18 17:15:23,841][open3d._ml3d.torch.pipelines.semantic_segmentation][INFO] - === EPOCH 2/10 ===
[2025-11-18 17:15:34,683][open3d._ml3d.torch.pipelines.semantic_segmentation][INFO] - Loss train: 1.691  eval: 2.682
[2025-11-18 17:15:34,688][open3d._ml3d.torch.pipelines.semantic_segmentation][INFO] - Mean acc train: 0.250  eval: 0.068
[2025-11-18 17:15:34,688][open3d._ml3d.torch.pipelines.semantic_segmentation][INFO] - Mean IoU train: 0.098  eval: 0.018
[2025-11-18 17:15:34,789][open3d._ml3d.torch.pipelines.semantic_segmentation][INFO] - === EPOCH 3/10 ===
[2025-11-18 17:15:45,263][open3d._ml3d.torch.pipelines.semantic_segmentation][INFO] - Loss train: 1.468  eval: 2.667
[2025-11-18 17:15:45,267][open3d._ml3d.torch.pipelines.semantic_segmentation][INFO] - Mean acc train: 0.332  eval: 0.068
[2025-11-18 17:15:45,267][open3d._ml3d.torch.pipelines.semantic_segmentation][INFO] - Mean IoU train: 0.111  eval: 0.022
[2025-11-18 17:15:45,372][open3d._ml3d.torch.pipelines.semantic_segmentation][INFO] - === EPOCH 4/10 ===
